c:\users\jaime\onedrive\desktop\02-lemming-master\02-lemming-master\debug\vc141.pdb
c:\users\jaime\onedrive\desktop\02-lemming-master\02-lemming-master\debug\vc141.idb
c:\users\jaime\onedrive\desktop\02-lemming-master\02-lemming-master\debug\variabletexture.obj
c:\users\jaime\onedrive\desktop\02-lemming-master\02-lemming-master\debug\texturedquad.obj
c:\users\jaime\onedrive\desktop\02-lemming-master\02-lemming-master\debug\texture.obj
c:\users\jaime\onedrive\desktop\02-lemming-master\02-lemming-master\debug\text.obj
c:\users\jaime\onedrive\desktop\02-lemming-master\02-lemming-master\debug\sprite.obj
c:\users\jaime\onedrive\desktop\02-lemming-master\02-lemming-master\debug\shaderprogram.obj
c:\users\jaime\onedrive\desktop\02-lemming-master\02-lemming-master\debug\shader.obj
c:\users\jaime\onedrive\desktop\02-lemming-master\02-lemming-master\debug\scene.obj
c:\users\jaime\onedrive\desktop\02-lemming-master\02-lemming-master\debug\maskedtexturedquad.obj
c:\users\jaime\onedrive\desktop\02-lemming-master\02-lemming-master\debug\main.obj
c:\users\jaime\onedrive\desktop\02-lemming-master\02-lemming-master\debug\lemming.obj
c:\users\jaime\onedrive\desktop\02-lemming-master\02-lemming-master\debug\game.obj
c:\users\jaime\onedrive\desktop\llemmingssoucetree\debug\vc141.pdb
c:\users\jaime\onedrive\desktop\llemmingssoucetree\debug\vc141.idb
c:\users\jaime\onedrive\desktop\llemmingssoucetree\debug\variabletexture.obj
c:\users\jaime\onedrive\desktop\llemmingssoucetree\debug\texturedquad.obj
c:\users\jaime\onedrive\desktop\llemmingssoucetree\debug\texture.obj
c:\users\jaime\onedrive\desktop\llemmingssoucetree\debug\text.obj
c:\users\jaime\onedrive\desktop\llemmingssoucetree\debug\sprite.obj
c:\users\jaime\onedrive\desktop\llemmingssoucetree\debug\shaderprogram.obj
c:\users\jaime\onedrive\desktop\llemmingssoucetree\debug\shader.obj
c:\users\jaime\onedrive\desktop\llemmingssoucetree\debug\scene.obj
c:\users\jaime\onedrive\desktop\llemmingssoucetree\debug\maskedtexturedquad.obj
c:\users\jaime\onedrive\desktop\llemmingssoucetree\debug\main.obj
c:\users\jaime\onedrive\desktop\llemmingssoucetree\debug\lemming.obj
c:\users\jaime\onedrive\desktop\llemmingssoucetree\debug\game.obj
c:\users\jaime\onedrive\desktop\02-lemming-master\02-lemming-master\debug\02-lemming.exe
c:\users\jaime\onedrive\desktop\02-lemming-master\02-lemming-master\debug\02-lemming.ilk
c:\users\jaime\onedrive\desktop\02-lemming-master\02-lemming-master\debug\02-lemming.pdb
c:\users\jaime\onedrive\desktop\llemmingssoucetree\debug\02-lemming.exe
c:\users\jaime\onedrive\desktop\llemmingssoucetree\debug\02-lemming.ilk
c:\users\jaime\onedrive\desktop\llemmingssoucetree\debug\02-lemming.pdb
c:\users\jaime\onedrive\desktop\llemmingssoucetree\debug\scene.obj.enc
c:\users\jaime\onedrive\desktop\llemmingssoucetree\debug\nativecodeanalysis.read.1.tlog
c:\users\jaime\onedrive\desktop\llemmingssoucetree\debug\game.nativecodeanalysis.xml
c:\users\jaime\onedrive\desktop\llemmingssoucetree\debug\lemming.nativecodeanalysis.xml
c:\users\jaime\onedrive\desktop\llemmingssoucetree\debug\main.nativecodeanalysis.xml
c:\users\jaime\onedrive\desktop\llemmingssoucetree\debug\maskedtexturedquad.nativecodeanalysis.xml
c:\users\jaime\onedrive\desktop\llemmingssoucetree\debug\scene.nativecodeanalysis.xml
c:\users\jaime\onedrive\desktop\llemmingssoucetree\debug\shader.nativecodeanalysis.xml
c:\users\jaime\onedrive\desktop\llemmingssoucetree\debug\shaderprogram.nativecodeanalysis.xml
c:\users\jaime\onedrive\desktop\llemmingssoucetree\debug\sprite.nativecodeanalysis.xml
c:\users\jaime\onedrive\desktop\llemmingssoucetree\debug\text.nativecodeanalysis.xml
c:\users\jaime\onedrive\desktop\llemmingssoucetree\debug\texture.nativecodeanalysis.xml
c:\users\jaime\onedrive\desktop\llemmingssoucetree\debug\texturedquad.nativecodeanalysis.xml
c:\users\jaime\onedrive\desktop\llemmingssoucetree\debug\variabletexture.nativecodeanalysis.xml
c:\users\jaime\onedrive\desktop\llemmingssoucetree\debug\vc.nativecodeanalysis.all.xml
c:\users\jaime\onedrive\desktop\llemmingssoucetree\debug\02-lemming.exe.lastcodeanalysissucceeded
c:\users\jaime\onedrive\desktop\llemmingssoucetree\debug\02-lemming.tlog\cl.command.1.tlog
c:\users\jaime\onedrive\desktop\llemmingssoucetree\debug\02-lemming.tlog\cl.read.1.tlog
c:\users\jaime\onedrive\desktop\llemmingssoucetree\debug\02-lemming.tlog\cl.write.1.tlog
c:\users\jaime\onedrive\desktop\llemmingssoucetree\debug\02-lemming.tlog\link.command.1.tlog
c:\users\jaime\onedrive\desktop\llemmingssoucetree\debug\02-lemming.tlog\link.read.1.tlog
c:\users\jaime\onedrive\desktop\llemmingssoucetree\debug\02-lemming.tlog\link.write.1.tlog
